<?xml version="1.0" encoding="utf-8"?><testsuites><testsuite name="pytest" errors="1" failures="0" skipped="0" tests="1" time="0.120" timestamp="2023-05-10T14:41:12.841769" hostname="cy-mac-lp-horbachuk-n.local"><testcase classname="" name="test_registration" time="0.000"><error message="collection failure">ImportError while importing test module '/Users/mykyta/PycharmProjects/PET/tests/registration_tests/test_registration.py'.
Hint: make sure your test modules/packages have valid Python names.
Traceback:
/Library/Frameworks/Python.framework/Versions/3.10/lib/python3.10/importlib/__init__.py:126: in import_module
    return _bootstrap._gcd_import(name[level:], package, level)
test_registration.py:2: in &lt;module&gt;
    import tests
E   ModuleNotFoundError: No module named 'tests'</error></testcase></testsuite></testsuites>